\BOOKMARK [0][-]{chapter.1}{\376\377\0001\000\040\000E\000n\000g\000d\000u\000i\000n\000o\000\040\000L\000i\000b\000r\000a\000r\000i\000e\000s}{}% 1
\BOOKMARK [1][-]{section.1.1}{\376\377\0001\000.\0001\000\040\000T\000h\000e\000\040\000L\000E\000D\000s}{chapter.1}% 2
\BOOKMARK [1][-]{section.1.2}{\376\377\0001\000.\0002\000\040\000T\000h\000e\000\040\000B\000u\000t\000t\000o\000n}{chapter.1}% 3
\BOOKMARK [1][-]{section.1.3}{\376\377\0001\000.\0003\000\040\000T\000h\000e\000\040\000T\000h\000e\000r\000m\000i\000s\000t\000o\000r}{chapter.1}% 4
\BOOKMARK [1][-]{section.1.4}{\376\377\0001\000.\0004\000\040\000T\000h\000e\000\040\000L\000i\000g\000h\000t\000\040\000S\000e\000n\000s\000o\000r}{chapter.1}% 5
\BOOKMARK [1][-]{section.1.5}{\376\377\0001\000.\0005\000\040\000T\000h\000e\000\040\000A\000c\000c\000e\000l\000e\000r\000o\000m\000e\000t\000e\000r\000\040\000S\000e\000n\000s\000o\000r}{chapter.1}% 6
\BOOKMARK [1][-]{section.1.6}{\376\377\0001\000.\0006\000\040\000T\000h\000e\000\040\000I\000R}{chapter.1}% 7
\BOOKMARK [1][-]{section.1.7}{\376\377\0001\000.\0007\000\040\000T\000h\000e\000\040\000M\000a\000g\000n\000e\000t\000o\000m\000e\000t\000e\000r}{chapter.1}% 8
\BOOKMARK [1][-]{section.1.8}{\376\377\0001\000.\0008\000\040\000T\000h\000e\000\040\000S\000D\000\040\000C\000a\000r\000d}{chapter.1}% 9
\BOOKMARK [1][-]{section.1.9}{\376\377\0001\000.\0009\000\040\000T\000h\000e\000\040\000P\000r\000o\000t\000o\000c\000o\000l}{chapter.1}% 10
\BOOKMARK [0][-]{chapter.2}{\376\377\0002\000\040\000M\000o\000d\000u\000l\000e\000\040\000I\000n\000d\000e\000x}{}% 11
\BOOKMARK [1][-]{section.2.1}{\376\377\0002\000.\0001\000\040\000M\000o\000d\000u\000l\000e\000s}{chapter.2}% 12
\BOOKMARK [0][-]{chapter.3}{\376\377\0003\000\040\000C\000l\000a\000s\000s\000\040\000I\000n\000d\000e\000x}{}% 13
\BOOKMARK [1][-]{section.3.1}{\376\377\0003\000.\0001\000\040\000C\000l\000a\000s\000s\000\040\000L\000i\000s\000t}{chapter.3}% 14
\BOOKMARK [0][-]{chapter.4}{\376\377\0004\000\040\000F\000i\000l\000e\000\040\000I\000n\000d\000e\000x}{}% 15
\BOOKMARK [1][-]{section.4.1}{\376\377\0004\000.\0001\000\040\000F\000i\000l\000e\000\040\000L\000i\000s\000t}{chapter.4}% 16
\BOOKMARK [0][-]{chapter.5}{\376\377\0005\000\040\000M\000o\000d\000u\000l\000e\000\040\000D\000o\000c\000u\000m\000e\000n\000t\000a\000t\000i\000o\000n}{}% 17
\BOOKMARK [1][-]{section.5.1}{\376\377\0005\000.\0001\000\040\000D\000r\000i\000v\000e\000r\000\040\000f\000o\000r\000\040\000E\000n\000g\000d\000u\000i\000n\000o\000\040\000A\000c\000c\000e\000l\000e\000r\000o\000m\000e\000t\000e\000r}{chapter.5}% 18
\BOOKMARK [2][-]{subsection.5.1.1}{\376\377\0005\000.\0001\000.\0001\000\040\000D\000e\000t\000a\000i\000l\000e\000d\000\040\000D\000e\000s\000c\000r\000i\000p\000t\000i\000o\000n}{section.5.1}% 19
\BOOKMARK [2][-]{subsection.5.1.2}{\376\377\0005\000.\0001\000.\0002\000\040\000F\000u\000n\000c\000t\000i\000o\000n\000\040\000D\000o\000c\000u\000m\000e\000n\000t\000a\000t\000i\000o\000n}{section.5.1}% 20
\BOOKMARK [3][-]{subsubsection.5.1.2.1}{\376\377\0005\000.\0001\000.\0002\000.\0001\000\040\000b\000e\000g\000i\000n}{subsection.5.1.2}% 21
\BOOKMARK [3][-]{subsubsection.5.1.2.2}{\376\377\0005\000.\0001\000.\0002\000.\0002\000\040\000e\000n\000d}{subsection.5.1.2}% 22
\BOOKMARK [3][-]{subsubsection.5.1.2.3}{\376\377\0005\000.\0001\000.\0002\000.\0003\000\040\000E\000n\000g\000d\000u\000i\000n\000o\000A\000c\000c\000e\000l\000e\000r\000o\000m\000e\000t\000e\000r\000C\000l\000a\000s\000s}{subsection.5.1.2}% 23
\BOOKMARK [3][-]{subsubsection.5.1.2.4}{\376\377\0005\000.\0001\000.\0002\000.\0004\000\040\000x\000y\000z}{subsection.5.1.2}% 24
\BOOKMARK [3][-]{subsubsection.5.1.2.5}{\376\377\0005\000.\0001\000.\0002\000.\0005\000\040\000x\000y\000z\000R\000a\000w}{subsection.5.1.2}% 25
\BOOKMARK [1][-]{section.5.2}{\376\377\0005\000.\0002\000\040\000D\000r\000i\000v\000e\000r\000\040\000f\000o\000r\000\040\000E\000n\000g\000d\000u\000i\000n\000o\000\040\000B\000u\000t\000t\000o\000n}{chapter.5}% 26
\BOOKMARK [2][-]{subsection.5.2.1}{\376\377\0005\000.\0002\000.\0001\000\040\000D\000e\000t\000a\000i\000l\000e\000d\000\040\000D\000e\000s\000c\000r\000i\000p\000t\000i\000o\000n}{section.5.2}% 27
\BOOKMARK [2][-]{subsection.5.2.2}{\376\377\0005\000.\0002\000.\0002\000\040\000F\000u\000n\000c\000t\000i\000o\000n\000\040\000D\000o\000c\000u\000m\000e\000n\000t\000a\000t\000i\000o\000n}{section.5.2}% 28
\BOOKMARK [3][-]{subsubsection.5.2.2.1}{\376\377\0005\000.\0002\000.\0002\000.\0001\000\040\000b\000e\000g\000i\000n}{subsection.5.2.2}% 29
\BOOKMARK [3][-]{subsubsection.5.2.2.2}{\376\377\0005\000.\0002\000.\0002\000.\0002\000\040\000e\000n\000d}{subsection.5.2.2}% 30
\BOOKMARK [3][-]{subsubsection.5.2.2.3}{\376\377\0005\000.\0002\000.\0002\000.\0003\000\040\000E\000n\000g\000d\000u\000i\000n\000o\000B\000u\000t\000t\000o\000n\000C\000l\000a\000s\000s}{subsection.5.2.2}% 31
\BOOKMARK [3][-]{subsubsection.5.2.2.4}{\376\377\0005\000.\0002\000.\0002\000.\0004\000\040\000i\000s\000P\000r\000e\000s\000s\000e\000d}{subsection.5.2.2}% 32
\BOOKMARK [3][-]{subsubsection.5.2.2.5}{\376\377\0005\000.\0002\000.\0002\000.\0005\000\040\000I\000S\000R}{subsection.5.2.2}% 33
\BOOKMARK [3][-]{subsubsection.5.2.2.6}{\376\377\0005\000.\0002\000.\0002\000.\0006\000\040\000r\000e\000s\000e\000t}{subsection.5.2.2}% 34
\BOOKMARK [3][-]{subsubsection.5.2.2.7}{\376\377\0005\000.\0002\000.\0002\000.\0007\000\040\000w\000a\000i\000t\000U\000n\000t\000i\000l\000P\000r\000e\000s\000s\000e\000d}{subsection.5.2.2}% 35
\BOOKMARK [3][-]{subsubsection.5.2.2.8}{\376\377\0005\000.\0002\000.\0002\000.\0008\000\040\000w\000a\000i\000t\000U\000n\000t\000i\000l\000R\000e\000l\000e\000a\000s\000e\000d}{subsection.5.2.2}% 36
\BOOKMARK [3][-]{subsubsection.5.2.2.9}{\376\377\0005\000.\0002\000.\0002\000.\0009\000\040\000w\000a\000s\000P\000r\000e\000s\000s\000e\000d}{subsection.5.2.2}% 37
\BOOKMARK [3][-]{subsubsection.5.2.2.10}{\376\377\0005\000.\0002\000.\0002\000.\0001\0000\000\040\000w\000a\000s\000R\000e\000l\000e\000a\000s\000e\000d}{subsection.5.2.2}% 38
\BOOKMARK [1][-]{section.5.3}{\376\377\0005\000.\0003\000\040\000D\000r\000i\000v\000e\000r\000\040\000f\000o\000r\000\040\000E\000n\000g\000d\000u\000i\000n\000o\000\040\000i\000n\000f\000r\000a\000r\000e\000d\000\040\000c\000o\000m\000m\000s}{chapter.5}% 39
\BOOKMARK [2][-]{subsection.5.3.1}{\376\377\0005\000.\0003\000.\0001\000\040\000D\000e\000t\000a\000i\000l\000e\000d\000\040\000D\000e\000s\000c\000r\000i\000p\000t\000i\000o\000n}{section.5.3}% 40
\BOOKMARK [2][-]{subsection.5.3.2}{\376\377\0005\000.\0003\000.\0002\000\040\000F\000u\000n\000c\000t\000i\000o\000n\000\040\000D\000o\000c\000u\000m\000e\000n\000t\000a\000t\000i\000o\000n}{section.5.3}% 41
\BOOKMARK [3][-]{subsubsection.5.3.2.1}{\376\377\0005\000.\0003\000.\0002\000.\0001\000\040\000b\000e\000g\000i\000n}{subsection.5.3.2}% 42
\BOOKMARK [3][-]{subsubsection.5.3.2.2}{\376\377\0005\000.\0003\000.\0002\000.\0002\000\040\000e\000n\000d}{subsection.5.3.2}% 43
\BOOKMARK [3][-]{subsubsection.5.3.2.3}{\376\377\0005\000.\0003\000.\0002\000.\0003\000\040\000E\000n\000g\000d\000u\000i\000n\000o\000I\000R\000C\000l\000a\000s\000s}{subsection.5.3.2}% 44
\BOOKMARK [3][-]{subsubsection.5.3.2.4}{\376\377\0005\000.\0003\000.\0002\000.\0004\000\040\000I\000S\000R}{subsection.5.3.2}% 45
\BOOKMARK [3][-]{subsubsection.5.3.2.5}{\376\377\0005\000.\0003\000.\0002\000.\0005\000\040\000I\000S\000R}{subsection.5.3.2}% 46
\BOOKMARK [3][-]{subsubsection.5.3.2.6}{\376\377\0005\000.\0003\000.\0002\000.\0006\000\040\000r\000e\000c\000v}{subsection.5.3.2}% 47
\BOOKMARK [3][-]{subsubsection.5.3.2.7}{\376\377\0005\000.\0003\000.\0002\000.\0007\000\040\000r\000e\000c\000v\000R\000a\000w}{subsection.5.3.2}% 48
\BOOKMARK [3][-]{subsubsection.5.3.2.8}{\376\377\0005\000.\0003\000.\0002\000.\0008\000\040\000s\000e\000n\000d}{subsection.5.3.2}% 49
\BOOKMARK [3][-]{subsubsection.5.3.2.9}{\376\377\0005\000.\0003\000.\0002\000.\0009\000\040\000s\000e\000n\000d}{subsection.5.3.2}% 50
\BOOKMARK [3][-]{subsubsection.5.3.2.10}{\376\377\0005\000.\0003\000.\0002\000.\0001\0000\000\040\000s\000e\000n\000d}{subsection.5.3.2}% 51
\BOOKMARK [3][-]{subsubsection.5.3.2.11}{\376\377\0005\000.\0003\000.\0002\000.\0001\0001\000\040\000s\000e\000n\000d\000B\000i\000t}{subsection.5.3.2}% 52
\BOOKMARK [3][-]{subsubsection.5.3.2.12}{\376\377\0005\000.\0003\000.\0002\000.\0001\0002\000\040\000s\000e\000n\000d\000R\000a\000w}{subsection.5.3.2}% 53
\BOOKMARK [1][-]{section.5.4}{\376\377\0005\000.\0004\000\040\000D\000r\000i\000v\000e\000r\000\040\000f\000o\000r\000\040\000E\000n\000g\000d\000u\000i\000n\000o\000\040\000L\000E\000D\000S}{chapter.5}% 54
\BOOKMARK [2][-]{subsection.5.4.1}{\376\377\0005\000.\0004\000.\0001\000\040\000D\000e\000t\000a\000i\000l\000e\000d\000\040\000D\000e\000s\000c\000r\000i\000p\000t\000i\000o\000n}{section.5.4}% 55
\BOOKMARK [2][-]{subsection.5.4.2}{\376\377\0005\000.\0004\000.\0002\000\040\000F\000u\000n\000c\000t\000i\000o\000n\000\040\000D\000o\000c\000u\000m\000e\000n\000t\000a\000t\000i\000o\000n}{section.5.4}% 56
\BOOKMARK [3][-]{subsubsection.5.4.2.1}{\376\377\0005\000.\0004\000.\0002\000.\0001\000\040\000b\000e\000g\000i\000n}{subsection.5.4.2}% 57
\BOOKMARK [3][-]{subsubsection.5.4.2.2}{\376\377\0005\000.\0004\000.\0002\000.\0002\000\040\000e\000n\000d}{subsection.5.4.2}% 58
\BOOKMARK [3][-]{subsubsection.5.4.2.3}{\376\377\0005\000.\0004\000.\0002\000.\0003\000\040\000E\000n\000g\000d\000u\000i\000n\000o\000L\000E\000D\000s\000C\000l\000a\000s\000s}{subsection.5.4.2}% 59
\BOOKMARK [3][-]{subsubsection.5.4.2.4}{\376\377\0005\000.\0004\000.\0002\000.\0004\000\040\000I\000S\000R}{subsection.5.4.2}% 60
\BOOKMARK [3][-]{subsubsection.5.4.2.5}{\376\377\0005\000.\0004\000.\0002\000.\0005\000\040\000s\000e\000t\000A\000l\000l}{subsection.5.4.2}% 61
\BOOKMARK [3][-]{subsubsection.5.4.2.6}{\376\377\0005\000.\0004\000.\0002\000.\0006\000\040\000s\000e\000t\000A\000l\000l}{subsection.5.4.2}% 62
\BOOKMARK [3][-]{subsubsection.5.4.2.7}{\376\377\0005\000.\0004\000.\0002\000.\0007\000\040\000s\000e\000t\000A\000l\000l}{subsection.5.4.2}% 63
\BOOKMARK [3][-]{subsubsection.5.4.2.8}{\376\377\0005\000.\0004\000.\0002\000.\0008\000\040\000s\000e\000t\000L\000E\000D}{subsection.5.4.2}% 64
\BOOKMARK [3][-]{subsubsection.5.4.2.9}{\376\377\0005\000.\0004\000.\0002\000.\0009\000\040\000s\000e\000t\000L\000E\000D}{subsection.5.4.2}% 65
\BOOKMARK [3][-]{subsubsection.5.4.2.10}{\376\377\0005\000.\0004\000.\0002\000.\0001\0000\000\040\000s\000e\000t\000L\000E\000D}{subsection.5.4.2}% 66
\BOOKMARK [3][-]{subsubsection.5.4.2.11}{\376\377\0005\000.\0004\000.\0002\000.\0001\0001\000\040\000s\000e\000t\000L\000E\000D\000s}{subsection.5.4.2}% 67
\BOOKMARK [3][-]{subsubsection.5.4.2.12}{\376\377\0005\000.\0004\000.\0002\000.\0001\0002\000\040\000s\000e\000t\000L\000E\000D\000s}{subsection.5.4.2}% 68
\BOOKMARK [3][-]{subsubsection.5.4.2.13}{\376\377\0005\000.\0004\000.\0002\000.\0001\0003\000\040\000s\000e\000t\000L\000E\000D\000s}{subsection.5.4.2}% 69
\BOOKMARK [3][-]{subsubsection.5.4.2.14}{\376\377\0005\000.\0004\000.\0002\000.\0001\0004\000\040\000s\000e\000t\000L\000E\000D\000s}{subsection.5.4.2}% 70
\BOOKMARK [3][-]{subsubsection.5.4.2.15}{\376\377\0005\000.\0004\000.\0002\000.\0001\0005\000\040\000s\000e\000t\000L\000E\000D\000s}{subsection.5.4.2}% 71
\BOOKMARK [3][-]{subsubsection.5.4.2.16}{\376\377\0005\000.\0004\000.\0002\000.\0001\0006\000\040\000w\000r\000i\000t\000e\000L\000E\000D\000s}{subsection.5.4.2}% 72
\BOOKMARK [1][-]{section.5.5}{\376\377\0005\000.\0005\000\040\000D\000r\000i\000v\000e\000r\000\040\000f\000o\000r\000\040\000E\000n\000g\000d\000u\000i\000n\000o\000\040\000L\000i\000g\000h\000t\000\040\000S\000e\000n\000s\000o\000r}{chapter.5}% 73
\BOOKMARK [2][-]{subsection.5.5.1}{\376\377\0005\000.\0005\000.\0001\000\040\000D\000e\000t\000a\000i\000l\000e\000d\000\040\000D\000e\000s\000c\000r\000i\000p\000t\000i\000o\000n}{section.5.5}% 74
\BOOKMARK [2][-]{subsection.5.5.2}{\376\377\0005\000.\0005\000.\0002\000\040\000F\000u\000n\000c\000t\000i\000o\000n\000\040\000D\000o\000c\000u\000m\000e\000n\000t\000a\000t\000i\000o\000n}{section.5.5}% 75
\BOOKMARK [3][-]{subsubsection.5.5.2.1}{\376\377\0005\000.\0005\000.\0002\000.\0001\000\040\000b\000e\000g\000i\000n}{subsection.5.5.2}% 76
\BOOKMA